<?xml version="1.0" encoding="UTF-8"?>
<!-- Generated by org.testng.reporters.JUnitXMLReporter -->
<testsuite ignored="1" hostname="Vaishnavi" failures="0" tests="1" name="Default test" time="3.902" errors="0" timestamp="2024-12-05T13:14:17 IST">
  <testcase classname="com.NewScenario.Headers_CookiesValidation" name="Cookies" time="3.459"/>
  <testcase classname="com.NewScenario.Headers_CookiesValidation" name="Headers" time="0.0">
    <ignored/>
  </testcase> <!-- Headers -->
</testsuite> <!-- Default test -->
