<?xml version="1.0" encoding="UTF-8"?>
<testng-results ignored="1" total="2" passed="1" failed="0" skipped="0">
  <reporter-output>
  </reporter-output>
  <suite started-at="2024-12-05T13:14:13 IST" name="Default suite" finished-at="2024-12-05T13:14:17 IST" duration-ms="3902">
    <groups>
    </groups>
    <test started-at="2024-12-05T13:14:13 IST" name="Default test" finished-at="2024-12-05T13:14:17 IST" duration-ms="3902">
      <class name="com.NewScenario.Headers_CookiesValidation">
        <test-method signature="Cookies()[pri:2, instance:com.NewScenario.Headers_CookiesValidation@428640fa]" started-at="2024-12-05T13:14:14 IST" name="Cookies" finished-at="2024-12-05T13:14:17 IST" duration-ms="3459" status="PASS">
          <reporter-output>
          </reporter-output>
        </test-method> <!-- Cookies -->
      </class> <!-- com.NewScenario.Headers_CookiesValidation -->
    </test> <!-- Default test -->
  </suite> <!-- Default suite -->
</testng-results>
